<?xml version="1.0" encoding="UTF-8" standalone="no"?>
<!DOCTYPE log SYSTEM "logger.dtd">
<log>
<record>
  <date>2018-04-26T14:09:32.817-0300</date>
  <logger>ATHILA MATHEUS BARROS BORGES</logger>
  <level>FINE</level>
  <message>File 117110913-ATHILA MATHEUS BARROS BORGES.zip was received. It was sent by ATHILA MATHEUS BARROS BORGES from IP 150.165.42.219</message>
</record>
</log>
<?xml version="1.0" encoding="UTF-8" standalone="no"?>
<!DOCTYPE log SYSTEM "logger.dtd">
<log>
<record>
  <date>2018-04-26T15:46:40.881-0300</date>
  <logger>ATHILA MATHEUS BARROS BORGES</logger>
  <level>FINE</level>
  <message>File 117110913-ATHILA MATHEUS BARROS BORGES.zip was received. It was sent by ATHILA MATHEUS BARROS BORGES from IP 150.165.42.219</message>
</record>
</log>
<?xml version="1.0" encoding="UTF-8" standalone="no"?>
<!DOCTYPE log SYSTEM "logger.dtd">
<log>
<record>
  <date>2018-04-26T15:48:24.609-0300</date>
  <logger>ATHILA MATHEUS BARROS BORGES</logger>
  <level>FINE</level>
  <message>File 117110913-ATHILA MATHEUS BARROS BORGES.zip was received. It was sent by ATHILA MATHEUS BARROS BORGES from IP 150.165.42.219</message>
</record>
</log>
<?xml version="1.0" encoding="UTF-8" standalone="no"?>
<!DOCTYPE log SYSTEM "logger.dtd">
<log>
<record>
  <date>2018-04-26T15:54:14.861-0300</date>
  <logger>ATHILA MATHEUS BARROS BORGES</logger>
  <level>FINE</level>
  <message>File 117110913-ATHILA MATHEUS BARROS BORGES.zip was received. It was sent by ATHILA MATHEUS BARROS BORGES from IP 150.165.42.219</message>
</record>
</log>
<?xml version="1.0" encoding="UTF-8" standalone="no"?>
<!DOCTYPE log SYSTEM "logger.dtd">
<log>
<record>
  <date>2018-05-03T14:56:23.473-0300</date>
  <logger>ATHILA MATHEUS BARROS BORGES</logger>
  <level>FINE</level>
  <message>File 117110913-ATHILA MATHEUS BARROS BORGES.zip was received. It was sent by ATHILA MATHEUS BARROS BORGES from IP 150.165.42.218</message>
</record>
</log>
<?xml version="1.0" encoding="UTF-8" standalone="no"?>
<!DOCTYPE log SYSTEM "logger.dtd">
<log>
<record>
  <date>2018-05-03T15:03:21.490-0300</date>
  <logger>ATHILA MATHEUS BARROS BORGES</logger>
  <level>FINE</level>
  <message>File 117110913-ATHILA MATHEUS BARROS BORGES.zip was received. It was sent by ATHILA MATHEUS BARROS BORGES from IP 150.165.42.218</message>
</record>
</log>
<?xml version="1.0" encoding="UTF-8" standalone="no"?>
<!DOCTYPE log SYSTEM "logger.dtd">
<log>
<record>
  <date>2018-05-03T15:09:03.600-0300</date>
  <logger>ATHILA MATHEUS BARROS BORGES</logger>
  <level>FINE</level>
  <message>File 117110913-ATHILA MATHEUS BARROS BORGES.zip was received. It was sent by ATHILA MATHEUS BARROS BORGES from IP 150.165.42.218</message>
</record>
</log>
<?xml version="1.0" encoding="UTF-8" standalone="no"?>
<!DOCTYPE log SYSTEM "logger.dtd">
<log>
<record>
  <date>2018-05-03T15:49:29.186-0300</date>
  <logger>ATHILA MATHEUS BARROS BORGES</logger>
  <level>FINE</level>
  <message>File 117110913-ATHILA MATHEUS BARROS BORGES.zip was received. It was sent by ATHILA MATHEUS BARROS BORGES from IP 150.165.42.218</message>
</record>
